<?xml version="1.0" encoding="UTF-8"?>
<testsuite xmlns:xsi="http://www.w3.org/2001/XMLSchema-instance" xsi:noNamespaceSchemaLocation="https://maven.apache.org/surefire/maven-surefire-plugin/xsd/surefire-test-report-3.0.xsd" version="3.0" name="by.step.client.DataServiceClientTest" time="40.488" tests="7" errors="0" skipped="0" failures="0">
  <properties>
[...]
</properties>
  <testcase name="addToBalance_ShouldSucceed" classname="by.step.client.DataServiceClientTest" time="0.941">
    <system-out><![CDATA[19:57:19.625 [main] INFO org.springframework.test.context.support.AnnotationConfigContextLoaderUtils -- Could not detect default configuration classes for test class [by.step.client.DataServiceClientTest]: DataServiceClientTest does not declare any static, non-private, non-final, nested classes annotated with @Configuration.
19:57:20.009 [main] INFO org.springframework.boot.test.context.SpringBootTestContextBootstrapper -- Found @SpringBootConfiguration by.step.BusinessServiceApplication for test class by.step.client.DataServiceClientTest

  .   ____          _            __ _ _
 /\\ / ___'_ __ _ _(_)_ __  __ _ \ \ \ \
( ( )\___ | '_ | '_| | '_ \/ _` | \ \ \ \
 \\/  ___)| |_)| | | | | || (_| |  ) ) ) )
  '  |____| .__|_| |_|_| |_\__, | / / / /
 =========|_|==============|___/=/_/_/_/
 :: Spring Boot ::                (v3.2.0)

2026-04-15T19:57:23.279+03:00  INFO 6655 --- [business-service] [           main] by.step.client.DataServiceClientTest     : Starting DataServiceClientTest using Java 17.0.18 with PID 6655 (started by diman in /mnt/c/Users/diman/IdeaProjects/skin-market/business-service)
2026-04-15T19:57:23.285+03:00  INFO 6655 --- [business-service] [           main] by.step.client.DataServiceClientTest     : The following 1 profile is active: "test"
2026-04-15T19:57:26.177+03:00 DEBUG 6655 --- [business-service] [           main] o.s.c.openfeign.FeignClientsRegistrar$1  : Identified candidate component class: file [/mnt/c/Users/diman/IdeaProjects/skin-market/business-service/target/classes/by/step/client/DataServiceClient.class]
2026-04-15T19:57:27.376+03:00  INFO 6655 --- [business-service] [           main] .s.d.r.c.RepositoryConfigurationDelegate : Bootstrapping Spring Data JPA repositories in DEFAULT mode.
2026-04-15T19:57:27.813+03:00  INFO 6655 --- [business-service] [           main] .s.d.r.c.RepositoryConfigurationDelegate : Finished Spring Data repository scanning in 392 ms. Found 0 JPA repository interfaces.
2026-04-15T19:57:29.039+03:00  INFO 6655 --- [business-service] [           main] o.s.cloud.context.scope.GenericScope     : BeanFactory id=30820854-4c5f-3efc-8e3a-814ec58feee1
2026-04-15T19:57:34.800+03:00  INFO 6655 --- [business-service] [           main] o.hibernate.jpa.internal.util.LogHelper  : HHH000204: Processing PersistenceUnitInfo [name: default]
2026-04-15T19:57:35.581+03:00  INFO 6655 --- [business-service] [           main] org.hibernate.Version                    : HHH000412: Hibernate ORM core version 6.3.1.Final
2026-04-15T19:57:35.929+03:00  INFO 6655 --- [business-service] [           main] o.h.c.internal.RegionFactoryInitiator    : HHH000026: Second-level cache disabled
2026-04-15T19:57:36.779+03:00  INFO 6655 --- [business-service] [           main] o.s.o.j.p.SpringPersistenceUnitInfo      : No LoadTimeWeaver setup: ignoring JPA class transformer
2026-04-15T19:57:36.966+03:00  INFO 6655 --- [business-service] [           main] com.zaxxer.hikari.HikariDataSource       : HikariPool-1 - Starting...
2026-04-15T19:57:39.063+03:00  INFO 6655 --- [business-service] [           main] com.zaxxer.hikari.pool.HikariPool        : HikariPool-1 - Added connection conn0: url=jdbc:h2:mem:testdb user=SA
2026-04-15T19:57:39.080+03:00  INFO 6655 --- [business-service] [           main] com.zaxxer.hikari.HikariDataSource       : HikariPool-1 - Start completed.
2026-04-15T19:57:39.560+03:00  WARN 6655 --- [business-service] [           main] org.hibernate.orm.deprecation            : HHH90000025: H2Dialect does not need to be specified explicitly using 'hibernate.dialect' (remove the property setting and it will be selected by default)
2026-04-15T19:57:45.516+03:00  INFO 6655 --- [business-service] [           main] o.h.e.t.j.p.i.JtaPlatformInitiator       : HHH000489: No JTA platform available (set 'hibernate.transaction.jta.platform' to enable JTA platform integration)
2026-04-15T19:57:45.563+03:00  INFO 6655 --- [business-service] [           main] j.LocalContainerEntityManagerFactoryBean : Initialized JPA EntityManagerFactory for persistence unit 'default'
2026-04-15T19:57:45.647+03:00 DEBUG 6655 --- [business-service] [           main] o.s.c.openfeign.FeignClientFactoryBean   : Creating a FeignClientFactoryBean.
2026-04-15T19:57:46.179+03:00  WARN 6655 --- [business-service] [           main] JpaBaseConfiguration$JpaWebConfiguration : spring.jpa.open-in-view is enabled by default. Therefore, database queries may be performed during view rendering. Explicitly configure spring.jpa.open-in-view to disable this warning
2026-04-15T19:57:54.417+03:00  WARN 6655 --- [business-service] [           main] .s.s.UserDetailsServiceAutoConfiguration : 

Using generated security password: c01e0c9c-a655-4d77-9f47-9dd92a09333a

This generated password is for development use only. Your security configuration must be updated before running your application in production.

2026-04-15T19:57:55.714+03:00  INFO 6655 --- [business-service] [           main] o.s.s.web.DefaultSecurityFilterChain     : Will secure any request with [org.springframework.security.web.session.DisableEncodeUrlFilter@33a0b857, org.springframework.security.web.context.request.async.WebAsyncManagerIntegrationFilter@b3c7c75, org.springframework.security.web.context.SecurityContextHolderFilter@31f4fdc5, org.springframework.security.web.header.HeaderWriterFilter@68a7bc12, org.springframework.web.filter.CorsFilter@55e75ce0, org.springframework.security.web.authentication.logout.LogoutFilter@52e5ad71, org.springframework.security.web.savedrequest.RequestCacheAwareFilter@1dcf5f38, org.springframework.security.web.servletapi.SecurityContextHolderAwareRequestFilter@64ba5a71, org.springframework.security.web.authentication.AnonymousAuthenticationFilter@3325f17, org.springframework.security.web.access.ExceptionTranslationFilter@147203c2, org.springframework.security.web.access.intercept.AuthorizationFilter@62a78446]
2026-04-15T19:57:56.868+03:00  INFO 6655 --- [business-service] [           main] by.step.client.DataServiceClientTest     : Started DataServiceClientTest in 36.027 seconds (process running for 35.894)
2026-04-15T19:57:57.816+03:00  INFO 6655 --- [business-service] [tp1963645656-40] WireMock                                 : Request received:
127.0.0.1 - POST /api/users/1/balance/add?amount=500

Accept: [*/*]
User-Agent: [Java/17.0.18]
Host: [localhost:11755]
Connection: [keep-alive]
Content-Type: [application/x-www-form-urlencoded]
Content-Length: [0]



Matched response definition:
{
  "status" : 200
}

Response:
HTTP/1.1 200
Matched-Stub-Id: [2a68a8ba-3914-468b-bbf8-dbada6857587]

]]></system-out>
  </testcase>
  <testcase name="getUserByUsername_ShouldReturnUser" classname="by.step.client.DataServiceClientTest" time="1.538">
    <system-out><![CDATA[2026-04-15T19:57:57.904+03:00  INFO 6655 --- [business-service] [tp1963645656-28] WireMock                                 : Request received:
127.0.0.1 - GET /api/users/username/ivan

Accept: [*/*]
User-Agent: [Java/17.0.18]
Host: [localhost:11755]
Connection: [keep-alive]



Matched response definition:
{
  "status" : 200,
  "body" : "{\"id\":1,\"username\":\"ivan\",\"email\":\"ivan@example.com\",\"role\":\"USER\",\"balance\":1000,\"registeredAt\":\"2026-04-15T19:57:57.893234941\"}",
  "headers" : {
    "Content-Type" : "application/json"
  }
}

Response:
HTTP/1.1 200
Content-Type: [application/json]
Matched-Stub-Id: [9e8a22f1-a882-4509-b0f8-580b16cdf56d]

]]></system-out>
  </testcase>
  <testcase name="getOrderById_ShouldReturnOrder" classname="by.step.client.DataServiceClientTest" time="0.027">
    <system-out><![CDATA[2026-04-15T19:57:59.442+03:00  INFO 6655 --- [business-service] [tp1963645656-38] WireMock                                 : Request received:
127.0.0.1 - GET /api/orders/1

Accept: [*/*]
User-Agent: [Java/17.0.18]
Host: [localhost:11755]
Connection: [keep-alive]



Matched response definition:
{
  "status" : 200,
  "body" : "{\"id\":1,\"customerId\":1,\"customerName\":\"ivan\",\"artistId\":2,\"artistName\":\"petr\",\"status\":\"IN_PROGRESS\",\"description\":\"Test order\",\"price\":1000,\"finalFileUrl\":null,\"createdAt\":\"2026-04-15T19:57:59.435900643\",\"completedAt\":null}",
  "headers" : {
    "Content-Type" : "application/json"
  }
}

Response:
HTTP/1.1 200
Content-Type: [application/json]
Matched-Stub-Id: [6c4e83b7-9133-43b6-814d-f5a2e2520453]

]]></system-out>
  </testcase>
  <testcase name="updateOrderStatus_ShouldSucceed" classname="by.step.client.DataServiceClientTest" time="0.008">
    <system-out><![CDATA[2026-04-15T19:57:59.465+03:00  INFO 6655 --- [business-service] [tp1963645656-40] WireMock                                 : Request received:
127.0.0.1 - PUT /api/orders/1/status?status=COMPLETED

Accept: [*/*]
User-Agent: [Java/17.0.18]
Host: [localhost:11755]
Connection: [keep-alive]
Content-Length: [0]



Matched response definition:
{
  "status" : 200
}

Response:
HTTP/1.1 200
Matched-Stub-Id: [a82cae05-66af-4c4f-be05-0e3112eac073]

]]></system-out>
  </testcase>
  <testcase name="createOrder_ShouldReturnOrder" classname="by.step.client.DataServiceClientTest" time="0.016">
    <system-out><![CDATA[2026-04-15T19:57:59.482+03:00  INFO 6655 --- [business-service] [tp1963645656-38] WireMock                                 : Request received:
127.0.0.1 - POST /api/orders?customerId=1&artistId=2&description=Test%20order&price=1000

Accept: [*/*]
User-Agent: [Java/17.0.18]
Host: [localhost:11755]
Connection: [keep-alive]
Content-Type: [application/x-www-form-urlencoded]
Content-Length: [0]



Matched response definition:
{
  "status" : 200,
  "body" : "{\"id\":1,\"customerId\":1,\"customerName\":\"ivan\",\"artistId\":2,\"artistName\":\"petr\",\"status\":\"IN_PROGRESS\",\"description\":\"Test order\",\"price\":1000,\"finalFileUrl\":null,\"createdAt\":\"2026-04-15T19:57:59.475344134\",\"completedAt\":null}",
  "headers" : {
    "Content-Type" : "application/json"
  }
}

Response:
HTTP/1.1 200
Content-Type: [application/json]
Matched-Stub-Id: [b9803be9-a5fc-4504-a1b4-01240b2e9d78]

]]></system-out>
  </testcase>
  <testcase name="getAllUsers_ShouldReturnUsers" classname="by.step.client.DataServiceClientTest" time="0.052">
    <system-out><![CDATA[2026-04-15T19:57:59.502+03:00  INFO 6655 --- [business-service] [tp1963645656-40] WireMock                                 : Request received:
127.0.0.1 - GET /api/users

Accept: [*/*]
User-Agent: [Java/17.0.18]
Host: [localhost:11755]
Connection: [keep-alive]



Matched response definition:
{
  "status" : 200,
  "body" : "[{\"id\":1,\"username\":\"ivan\",\"email\":\"ivan@example.com\",\"role\":\"USER\",\"balance\":1000,\"registeredAt\":\"2026-04-15T19:57:59.494196447\"}]",
  "headers" : {
    "Content-Type" : "application/json"
  }
}

Response:
HTTP/1.1 200
Content-Type: [application/json]
Matched-Stub-Id: [64ac1bb0-693c-4307-aa29-fd3cc5a0da3a]

]]></system-out>
  </testcase>
  <testcase name="getUserById_ShouldReturnUser" classname="by.step.client.DataServiceClientTest" time="0.008">
    <system-out><![CDATA[2026-04-15T19:57:59.549+03:00  INFO 6655 --- [business-service] [tp1963645656-38] WireMock                                 : Request received:
127.0.0.1 - GET /api/users/1

Accept: [*/*]
User-Agent: [Java/17.0.18]
Host: [localhost:11755]
Connection: [keep-alive]



Matched response definition:
{
  "status" : 200,
  "body" : "{\"id\":1,\"username\":\"ivan\",\"email\":\"ivan@example.com\",\"role\":\"USER\",\"balance\":1000,\"registeredAt\":\"2026-04-15T19:57:59.546094556\"}",
  "headers" : {
    "Content-Type" : "application/json"
  }
}

Response:
HTTP/1.1 200
Content-Type: [application/json]
Matched-Stub-Id: [ae9594ba-d3d7-4e37-9a45-ded009d25e1f]

]]></system-out>
  </testcase>
</testsuite>